<?xml version="1.0" encoding="UTF-8"?>
<testng-results skipped="0" failed="0" ignored="0" total="1" passed="1">
  <reporter-output>
  </reporter-output>
  <suite name="Regression" duration-ms="26261" started-at="2018-07-08T12:18:09Z" finished-at="2018-07-08T12:18:35Z">
    <groups>
      <group name="cucumber">
        <method signature="AbstractTestNGCucumberTests.feature(cucumber.api.testng.CucumberFeatureWrapper)[pri:0, instance:runner.RunTest@481a15ff]" name="feature" class="cucumber.api.testng.AbstractTestNGCucumberTests"/>
      </group> <!-- cucumber -->
    </groups>
    <test name="Window" duration-ms="26261" started-at="2018-07-08T12:18:09Z" finished-at="2018-07-08T12:18:35Z">
      <class name="runner.RunTest">
        <test-method status="PASS" signature="setUpClass()[pri:0, instance:runner.RunTest@481a15ff]" name="setUpClass" is-config="true" duration-ms="171" started-at="2018-07-08T12:18:09Z" finished-at="2018-07-08T12:18:09Z">
          <reporter-output>
          </reporter-output>
        </test-method> <!-- setUpClass -->
        <test-method status="PASS" signature="feature(cucumber.api.testng.CucumberFeatureWrapper)[pri:0, instance:runner.RunTest@481a15ff]" name="feature" duration-ms="25999" started-at="2018-07-08T12:18:09Z" description="Runs Cucumber Feature" data-provider="features" finished-at="2018-07-08T12:18:35Z">
          <params>
            <param index="0">
              <value>
                <![CDATA[Validate Different Options]]>
              </value>
            </param>
          </params>
          <reporter-output>
          </reporter-output>
        </test-method> <!-- feature -->
        <test-method status="PASS" signature="tearDownClass()[pri:0, instance:runner.RunTest@481a15ff]" name="tearDownClass" is-config="true" duration-ms="14" started-at="2018-07-08T12:18:35Z" finished-at="2018-07-08T12:18:35Z">
          <reporter-output>
          </reporter-output>
        </test-method> <!-- tearDownClass -->
      </class> <!-- runner.RunTest -->
    </test> <!-- Window -->
  </suite> <!-- Regression -->
</testng-results>
